In file included from ./string_map.h:102:0,
                 from ../../../../../../taller4/string_map_tests.cpp:2:
./string_map.hpp: In instantiation of ‘int string_map<T>::count(const string&) const [with T = int; std::__cxx11::string = std::__cxx11::basic_string<char>]’:
../../../../../../taller4/string_map_tests.cpp:8:5:   required from here
./string_map.hpp:114:27: warning: comparison between signed and unsigned integer expressions [-Wsign-compare]
         for (int i = 0; i < clave.size(); i++) {
                         ~~^~~~~~~~~~~~~~
./string_map.hpp: In instantiation of ‘void string_map<T>::insert(const std::pair<std::__cxx11::basic_string<char>, T>&) [with T = int]’:
../../../../../../taller4/string_map_tests.cpp:13:42:   required from here
./string_map.hpp:82:23: warning: comparison between signed and unsigned integer expressions [-Wsign-compare]
     for (int i = 0; i < valor.first.size(); i++) {
./string_map.hpp: In instantiation of ‘T& string_map<T>::at(const string&) [with T = int; std::__cxx11::string = std::__cxx11::basic_string<char>]’:
../../../../../../taller4/string_map_tests.cpp:15:5:   required from here
./string_map.hpp:139:23: warning: comparison between signed and unsigned integer expressions [-Wsign-compare]
     for (int i = 0; i < clave.size(); i++) {
                     ~~^~~~~~~~~~~~~~
./string_map.hpp: In instantiation of ‘void string_map<T>::insert(const std::pair<std::__cxx11::basic_string<char>, T>&) [with T = string_map<int>]’:
../../../../../../taller4/string_map_tests.cpp:153:48:   required from here
./string_map.hpp:82:23: warning: comparison between signed and unsigned integer expressions [-Wsign-compare]
     for (int i = 0; i < valor.first.size(); i++) {
./string_map.hpp: In instantiation of ‘T& string_map<T>::at(const string&) [with T = string_map<int>; std::__cxx11::string = std::__cxx11::basic_string<char>]’:
../../../../../../taller4/string_map_tests.cpp:158:2:   required from here
./string_map.hpp:139:23: warning: comparison between signed and unsigned integer expressions [-Wsign-compare]
     for (int i = 0; i < clave.size(); i++) {
                     ~~^~~~~~~~~~~~~~
./string_map.hpp: In instantiation of ‘void string_map<T>::erase(const string&) [with T = int; std::__cxx11::string = std::__cxx11::basic_string<char>]’:
../../../../../../taller4/string_map_tests.cpp:178:27:   required from here
./string_map.hpp:155:23: warning: comparison between signed and unsigned integer expressions [-Wsign-compare]
     for (int i = 0; i < clave.size(); ++i) {
                     ~~^~~~~~~~~~~~~~
./string_map.hpp: In instantiation of ‘void string_map<T>::erase(const string&) [with T = string_map<int>; std::__cxx11::string = std::__cxx11::basic_string<char>]’:
./string_map.hpp:68:14:   required from ‘string_map<T>::~string_map() [with T = string_map<int>]’
../../../../../../taller4/string_map_tests.cpp:141:33:   required from here
./string_map.hpp:155:23: warning: comparison between signed and unsigned integer expressions [-Wsign-compare]
./string_map.hpp: In instantiation of ‘string_map<T>::Nodo* string_map<T>::buscar(const string&) [with T = int; std::__cxx11::string = std::__cxx11::basic_string<char>]’:
./string_map.hpp:150:31:   required from ‘void string_map<T>::erase(const string&) [with T = int; std::__cxx11::string = std::__cxx11::basic_string<char>]’
../../../../../../taller4/string_map_tests.cpp:178:27:   required from here
./string_map.hpp:16:23: warning: comparison between signed and unsigned integer expressions [-Wsign-compare]
     for (int i = 0; i < clave.size(); ++i) {
                     ~~^~~~~~~~~~~~~~
./string_map.hpp: In instantiation of ‘const T& string_map<T>::at(const string&) const [with T = int; std::__cxx11::string = std::__cxx11::basic_string<char>]’:
./string_map.hpp:55:40:   required from ‘string_map<T>& string_map<T>::operator=(const string_map<T>&) [with T = int]’
./string_map.hpp:43:32:   required from ‘string_map<T>::string_map(const string_map<T>&) [with T = int]’
../../../../../../taller4/string_map_tests.cpp:98:39:   required from here
./string_map.hpp:129:23: warning: comparison between signed and unsigned integer expressions [-Wsign-compare]
     for (int i = 0; i < clave.size(); i++) {
                     ~~^~~~~~~~~~~~~~
./string_map.hpp: In instantiation of ‘string_map<T>::Nodo* string_map<T>::buscar(const string&) [with T = string_map<int>; std::__cxx11::string = std::__cxx11::basic_string<char>]’:
./string_map.hpp:150:31:   required from ‘void string_map<T>::erase(const string&) [with T = string_map<int>; std::__cxx11::string = std::__cxx11::basic_string<char>]’
./string_map.hpp:68:14:   required from ‘string_map<T>::~string_map() [with T = string_map<int>]’
../../../../../../taller4/string_map_tests.cpp:141:33:   required from here
./string_map.hpp:16:23: warning: comparison between signed and unsigned integer expressions [-Wsign-compare]
     for (int i = 0; i < clave.size(); ++i) {
                     ~~^~~~~~~~~~~~~~
